pulse 1231
space 448
pulse 1238
space 447
pulse 419
space 1266
pulse 1240
space 448
pulse 1239
space 444
pulse 423
space 1266
pulse 420
space 1267
pulse 419
space 1266
pulse 420
space 1268
pulse 419
space 1267
pulse 419
space 1267
pulse 1240
space 7039
pulse 1238
space 447
pulse 1239
space 447
pulse 419
space 1265
pulse 1241
space 448
pulse 1238
space 448
pulse 419
space 1267
pulse 419
space 1267
pulse 419
space 1267
pulse 420
space 1268
pulse 412
space 1273
pulse 419
space 1267
pulse 1239
space 7038
pulse 1239
space 471
pulse 1215
space 449
pulse 418
space 1268
pulse 1238
space 446
pulse 1240
space 450
pulse 417
space 1268
pulse 419
space 1267
pulse 419
space 1267
pulse 419
space 1266
pulse 421
space 1267
pulse 419
space 1267
pulse 1239
space 7039
pulse 1238
space 449
pulse 1232
space 454
pulse 417
space 1267
pulse 1239
space 447
pulse 1239
space 450
pulse 417
space 1268
pulse 419
space 1267
pulse 418
space 1268
pulse 413
space 1273
pulse 418
space 1269
pulse 418
space 1268
pulse 1239
space 7038
pulse 1239
space 450
pulse 1236
space 449
pulse 417
space 1268
pulse 1238
space 452
pulse 1234
space 472
pulse 394
space 1269
pulse 418
space 1290
pulse 397
space 1289
pulse 396
space 1290
pulse 396
space 1290
pulse 396
space 1291
pulse 1216
space 7039
pulse 1233
space 476
pulse 1213
space 473
pulse 419
space 1265
pulse 1215
space 473
pulse 1213
space 474
pulse 415
space 1270
pulse 396
space 1291
pulse 394
space 1292
pulse 396
space 1290
pulse 415
space 1272
pulse 395
space 1291
pulse 1216
space 7036
pulse 1268
space 443
pulse 1243
space 438
pulse 425
space 1242
pulse 1267
space 443
pulse 1241
space 445
pulse 420
space 1243
pulse 442
space 1244
pulse 443
space 1244
pulse 442
space 1244
pulse 441
space 1246
pulse 438
space 1247
pulse 1236
space 7040
pulse 1236
space 452
pulse 1235
space 450
pulse 438
space 1247
pulse 1238
space 450
pulse 1235
space 451
pulse 438
space 1248
pulse 416
space 1270
pulse 416
space 1270
pulse 439
space 1248
pulse 416
space 1270
pulse 416
space 1267
pulse 1238
timeout 130099
pulse 1233
space 448
pulse 1238
space 446
pulse 420
space 1262
pulse 1245
space 448
pulse 1238
space 450
pulse 417
space 1266
pulse 421
space 1267
pulse 419
space 1268
pulse 418
space 1268
pulse 418
space 1265
pulse 421
space 1268
pulse 1238
space 7038
pulse 1239
space 449
pulse 1236
space 448
pulse 420
space 1266
pulse 1239
space 448
pulse 1239
space 449
pulse 417
space 1267
pulse 419
space 1269
pulse 418
space 1267
pulse 420
space 1267
pulse 420
space 1266
pulse 419
space 1267
pulse 1239
space 7038
pulse 1240
space 450
pulse 1236
space 447
pulse 420
space 1268
pulse 1238
space 447
pulse 1238
space 449
pulse 417
space 1267
pulse 419
space 1267
pulse 419
space 1269
pulse 417
space 1268
pulse 418
space 1269
pulse 418
space 1267
pulse 1239
space 7038
pulse 1238
space 447
pulse 1239
space 449
pulse 418
space 1267
pulse 1239
space 448
pulse 1238
space 448
pulse 418
space 1267
pulse 414
space 1272
pulse 419
space 1268
pulse 419
space 1268
pulse 418
space 1267
pulse 419
space 1267
pulse 1239
space 7040
pulse 1237
space 441
pulse 1245
space 451
pulse 415
space 1267
pulse 1239
space 448
pulse 1238
space 451
pulse 416
space 1267
pulse 418
space 1267
pulse 419
space 1266
pulse 420
space 1268
pulse 418
space 1268
pulse 418
space 1267
pulse 1239
space 7037
pulse 1240
space 472
pulse 1214
space 450
pulse 417
space 1271
pulse 1243
space 464
pulse 1214
space 472
pulse 390
space 1275
pulse 416
space 1291
pulse 397
space 1289
pulse 396
space 1290
pulse 420
space 1266
pulse 420
space 1266
pulse 1215
space 7038
pulse 1238
space 473
pulse 1212
space 474
pulse 417
space 1269
pulse 1213
space 474
pulse 1215
space 471
pulse 416
space 1270
pulse 415
space 1271
pulse 396
space 1291
pulse 396
space 1290
pulse 395
space 1269
pulse 417
space 1269
pulse 1264
timeout 129486
pulse 1236
space 448
pulse 1239
space 446
pulse 419
space 1267
pulse 1240
space 452
pulse 1235
space 449
pulse 413
space 1273
pulse 419
space 1267
pulse 420
space 1268
pulse 418
space 1267
pulse 420
space 1267
pulse 419
space 1268
pulse 1239
space 7036
pulse 1242
space 447
pulse 1240
space 448
pulse 418
space 1268
pulse 1239
space 448
pulse 1236
space 450
pulse 418
space 1268
pulse 418
space 1268
pulse 419
space 1267
pulse 419
space 1266
pulse 420
space 1267
pulse 419
space 1268
pulse 1238
space 7039
pulse 1238
space 450
pulse 1236
space 448
pulse 419
space 1267
pulse 1240
space 449
pulse 1237
space 449
pulse 418
space 1268
pulse 419
space 1267
pulse 419
space 1267
pulse 420
space 1268
pulse 418
space 1269
pulse 418
space 1267
pulse 1239
space 7039
pulse 1239
space 448
pulse 1239
space 449
pulse 417
space 1268
pulse 1239
space 451
pulse 1236
space 448
pulse 419
space 1268
pulse 419
space 1267
pulse 420
space 1269
pulse 418
space 1269
pulse 418
space 1267
pulse 419
space 1268
pulse 1239
space 7039
pulse 1240
space 450
pulse 1237
space 448
pulse 419
space 1269
pulse 1239
space 448
pulse 1238
space 449
pulse 418
space 1269
pulse 418
space 1268
pulse 418
space 1269
pulse 419
space 1267
pulse 419
space 1269
pulse 418
space 1267
pulse 1239
timeout 129947
